<?xml version="1.0" encoding="UTF-8"?>
<!-- Generated by org.testng.reporters.JUnitReportReporter -->
<testsuite skipped="0" hostname="5CD138MBH9" name="Testngformat.Program4" tests="1" failures="0" timestamp="2022-02-28T16:22:18 IST" time="4.738" errors="0">
  <testcase name="launch" time="4.738" classname="Testngformat.Program4"/>
  <system-out/>
</testsuite> <!-- Testngformat.Program4 -->
