<?xml version="1.0" encoding="UTF-8"?>
<!-- Generated by org.testng.reporters.JUnitReportReporter -->
<testsuite skipped="0" hostname="5CD138MBH9" name="Priority.Multiplewebsite" tests="3" failures="0" timestamp="2022-03-01T12:15:26 IST" time="5.120" errors="0">
  <testcase name="testcase2" time="2.449" classname="Priority.Multiplewebsite"/>
  <system-out/>
  <testcase name="testcase1" time="1.415" classname="Priority.Multiplewebsite"/>
  <system-out/>
  <testcase name="testcase" time="1.256" classname="Priority.Multiplewebsite"/>
  <system-out/>
</testsuite> <!-- Priority.Multiplewebsite -->
