<?xml version="1.0" encoding="UTF-8"?>
<!-- Generated by org.testng.reporters.JUnitReportReporter -->
<testsuite skipped="0" hostname="5CD138MBH9" name="Testngformat.Program2" tests="1" failures="0" timestamp="2022-02-28T16:22:18 IST" time="2.859" errors="0">
  <testcase name="launch" time="2.859" classname="Testngformat.Program2"/>
  <system-out/>
</testsuite> <!-- Testngformat.Program2 -->
