<?xml version="1.0" encoding="UTF-8"?>
<!-- Generated by org.testng.reporters.JUnitReportReporter -->
<testsuite skipped="0" hostname="5CD138MBH9" name="Proface.Face4" tests="1" failures="0" timestamp="2022-03-04T16:12:20 IST" time="2.548" errors="0">
  <testcase name="launch" time="2.548" classname="Proface.Face4"/>
  <system-out/>
</testsuite> <!-- Proface.Face4 -->
