<?xml version="1.0" encoding="UTF-8"?>
<!-- Generated by org.testng.reporters.JUnitReportReporter -->
<testsuite skipped="0" hostname="5CD138MBH9" name="Assertion.Assertiontrue" tests="1" failures="0" timestamp="2022-01-12T11:38:31 IST" time="0.006" errors="0">
  <testcase name="display" time="0.006" classname="Assertion.Assertiontrue"/>
  <system-out/>
</testsuite> <!-- Assertion.Assertiontrue -->
