<?xml version="1.0" encoding="UTF-8"?>
<!-- Generated by org.testng.reporters.JUnitReportReporter -->
<testsuite skipped="0" hostname="5CD138MBH9" name="Exception.Divisionhandling" tests="1" failures="0" timestamp="2022-01-17T12:03:38 IST" time="0.008" errors="0">
  <testcase name="division" time="0.008" classname="Exception.Divisionhandling"/>
  <system-out/>
</testsuite> <!-- Exception.Divisionhandling -->
