<?xml version="1.0" encoding="UTF-8"?>
<!-- Generated by org.testng.reporters.JUnitReportReporter -->
<testsuite skipped="0" hostname="5CD138MBH9" name="Invocation.Assignment13" tests="2" failures="0" timestamp="2022-01-12T10:21:15 IST" time="3.671" errors="0">
  <testcase name="navigateurl" time="0.555" classname="Invocation.Assignment13"/>
  <system-out/>
  <testcase name="navigateurl" time="3.116" classname="Invocation.Assignment13"/>
  <system-out/>
</testsuite> <!-- Invocation.Assignment13 -->
