<?xml version="1.0" encoding="UTF-8"?>
<!-- Generated by org.testng.reporters.JUnitReportReporter -->
<testsuite skipped="0" hostname="5CD138MBH9" name="Priority.Priority1" tests="5" failures="0" timestamp="2022-03-02T17:36:16 IST" time="0.029" errors="0">
  <testcase name="apple" time="0.020" classname="Priority.Priority1"/>
  <system-out/>
  <testcase name="peas" time="0.002" classname="Priority.Priority1"/>
  <system-out/>
  <testcase name="beans" time="0.003" classname="Priority.Priority1"/>
  <system-out/>
  <testcase name="carrot" time="0.002" classname="Priority.Priority1"/>
  <system-out/>
  <testcase name="mango" time="0.002" classname="Priority.Priority1"/>
  <system-out/>
</testsuite> <!-- Priority.Priority1 -->
