<?xml version="1.0" encoding="UTF-8"?>
<!-- Generated by org.testng.reporters.JUnitReportReporter -->
<testsuite skipped="0" hostname="5CD138MBH9" name="Screenshot111.Camp" tests="1" failures="0" timestamp="2022-01-12T14:43:32 IST" time="12.181" errors="0">
  <testcase name="display" time="12.181" classname="Screenshot111.Camp"/>
  <system-out/>
</testsuite> <!-- Screenshot111.Camp -->
