<?xml version="1.0" encoding="UTF-8"?>
<!-- Generated by org.testng.reporters.JUnitReportReporter -->
<testsuite skipped="0" hostname="5CD138MBH9" name="Testngformat.Program3" tests="1" failures="0" timestamp="2022-02-28T16:22:18 IST" time="3.925" errors="0">
  <testcase name="launch" time="3.925" classname="Testngformat.Program3"/>
  <system-out/>
</testsuite> <!-- Testngformat.Program3 -->
