<?xml version="1.0" encoding="UTF-8"?>
<!-- Generated by org.testng.reporters.JUnitReportReporter -->
<testsuite skipped="0" hostname="5CD138MBH9" name="Testngformat.Program11" tests="1" failures="0" timestamp="2022-03-03T11:56:44 IST" time="0.023" errors="0">
  <testcase name="sample" time="0.023" classname="Testngformat.Program11"/>
  <system-out/>
</testsuite> <!-- Testngformat.Program11 -->
