<?xml version="1.0" encoding="UTF-8"?>
<!-- Generated by org.testng.reporters.JUnitReportReporter -->
<testsuite skipped="0" hostname="5CD138MBH9" name="Testing.ActionAssignment" tests="1" failures="0" timestamp="2022-01-18T21:42:53 IST" time="13.368" errors="0">
  <testcase name="display" time="13.368" classname="Testing.ActionAssignment"/>
  <system-out/>
</testsuite> <!-- Testing.ActionAssignment -->
