<?xml version="1.0" encoding="UTF-8"?>
<!-- Generated by org.testng.reporters.JUnitReportReporter -->
<testsuite skipped="0" hostname="5CD138MBH9" name="Exception.Handlingexception" tests="1" failures="0" timestamp="2022-01-17T12:05:22 IST" time="0.010" errors="0">
  <testcase name="smaple" time="0.010" classname="Exception.Handlingexception"/>
  <system-out/>
</testsuite> <!-- Exception.Handlingexception -->
