<?xml version="1.0" encoding="UTF-8"?>
<!-- Generated by org.testng.reporters.JUnitReportReporter -->
<testsuite skipped="0" hostname="5CD138MBH9" name="Assertion.Assignment14" tests="2" failures="0" timestamp="2022-01-12T11:34:56 IST" time="7.563" errors="0">
  <testcase name="sample" time="0.001" classname="Assertion.Assignment14"/>
  <system-out/>
  <testcase name="display" time="7.562" classname="Assertion.Assignment14"/>
  <system-out/>
</testsuite> <!-- Assertion.Assignment14 -->
