<?xml version="1.0" encoding="UTF-8"?>
<!-- Generated by org.testng.reporters.JUnitReportReporter -->
<testsuite skipped="0" hostname="5CD138MBH9" name="Testngformat.Program5" tests="9" failures="0" timestamp="2022-03-02T12:05:33 IST" time="57.184" errors="0">
  <testcase name="google" time="2.556" classname="Testngformat.Program5"/>
  <system-out/>
  <testcase name="google" time="7.293" classname="Testngformat.Program5"/>
  <system-out/>
  <testcase name="google" time="9.786" classname="Testngformat.Program5"/>
  <system-out/>
  <testcase name="facebook" time="2.784" classname="Testngformat.Program5"/>
  <system-out/>
  <testcase name="facebook" time="8.166" classname="Testngformat.Program5"/>
  <system-out/>
  <testcase name="facebook" time="6.903" classname="Testngformat.Program5"/>
  <system-out/>
  <testcase name="amazon" time="6.141" classname="Testngformat.Program5"/>
  <system-out/>
  <testcase name="amazon" time="5.431" classname="Testngformat.Program5"/>
  <system-out/>
  <testcase name="amazon" time="8.124" classname="Testngformat.Program5"/>
  <system-out/>
</testsuite> <!-- Testngformat.Program5 -->
