<?xml version="1.0" encoding="UTF-8"?>
<!-- Generated by org.testng.reporters.JUnitReportReporter -->
<testsuite skipped="0" hostname="5CD138MBH9" name="Invocation.Sample" tests="13" failures="0" timestamp="2022-01-12T10:09:05 IST" time="0.016" errors="0">
  <testcase name="display" time="0.001" classname="Invocation.Sample"/>
  <system-out/>
  <testcase name="display" time="0.001" classname="Invocation.Sample"/>
  <system-out/>
  <testcase name="display" time="0.002" classname="Invocation.Sample"/>
  <system-out/>
  <testcase name="display" time="0.001" classname="Invocation.Sample"/>
  <system-out/>
  <testcase name="display" time="0.001" classname="Invocation.Sample"/>
  <system-out/>
  <testcase name="display" time="0.001" classname="Invocation.Sample"/>
  <system-out/>
  <testcase name="display" time="0.004" classname="Invocation.Sample"/>
  <system-out/>
  <testcase name="display" time="0.001" classname="Invocation.Sample"/>
  <system-out/>
  <testcase name="display" time="0.001" classname="Invocation.Sample"/>
  <system-out/>
  <testcase name="display" time="0.001" classname="Invocation.Sample"/>
  <system-out/>
  <testcase name="display" time="0.001" classname="Invocation.Sample"/>
  <system-out/>
  <testcase name="display" time="0.000" classname="Invocation.Sample"/>
  <system-out/>
  <testcase name="display" time="0.001" classname="Invocation.Sample"/>
  <system-out/>
</testsuite> <!-- Invocation.Sample -->
