<?xml version="1.0" encoding="UTF-8"?>
<!-- Generated by org.testng.reporters.JUnitReportReporter -->
<testsuite skipped="0" hostname="5CD138MBH9" name="Proface.Face2" tests="1" failures="0" timestamp="2022-03-04T15:58:07 IST" time="9.169" errors="0">
  <testcase name="pro" time="9.169" classname="Proface.Face2"/>
  <system-out/>
</testsuite> <!-- Proface.Face2 -->
