<?xml version="1.0" encoding="UTF-8"?>
<!-- Generated by org.testng.reporters.JUnitReportReporter -->
<testsuite skipped="0" hostname="5CD138MBH9" name="Screenshot.Camp" tests="1" failures="0" timestamp="2022-01-12T14:05:50 IST" time="7.574" errors="0">
  <testcase name="display" time="7.574" classname="Screenshot.Camp"/>
  <system-out/>
</testsuite> <!-- Screenshot.Camp -->
