<?xml version="1.0" encoding="UTF-8"?>
<!-- Generated by org.testng.reporters.JUnitReportReporter -->
<testsuite skipped="0" hostname="5CD138MBH9" name="Management.Amazonpro" tests="1" failures="0" timestamp="2022-01-17T16:02:37 IST" time="6.180" errors="0">
  <testcase name="sample" time="6.180" classname="Management.Amazonpro"/>
  <system-out/>
</testsuite> <!-- Management.Amazonpro -->
