<?xml version="1.0" encoding="UTF-8"?>
<!-- Generated by org.testng.reporters.JUnitReportReporter -->
<testsuite skipped="0" hostname="5CD138MBH9" name="Project.Facebookbook" tests="1" failures="0" timestamp="2022-01-17T14:59:07 IST" time="9.086" errors="0">
  <testcase name="display" time="9.086" classname="Project.Facebookbook"/>
  <system-out/>
</testsuite> <!-- Project.Facebookbook -->
