<?xml version="1.0" encoding="UTF-8"?>
<!-- Generated by org.testng.reporters.JUnitReportReporter -->
<testsuite skipped="0" hostname="5CD138MBH9" name="Assertion.Gone" tests="1" failures="0" timestamp="2022-01-12T11:05:00 IST" time="6.665" errors="0">
  <testcase name="display" time="6.665" classname="Assertion.Gone"/>
  <system-out/>
</testsuite> <!-- Assertion.Gone -->
